<?xml version="1.0" encoding="UTF-8"?>
<beans xmlns="http://www.springframework.org/schema/beans"
	xmlns:xsi="http://www.w3.org/2001/XMLSchema-instance" xmlns:p="http://www.springframework.org/schema/p"
	xmlns:context="http://www.springframework.org/schema/context"
	xmlns:aop="http://www.springframework.org/schema/aop" xmlns:tx="http://www.springframework.org/schema/tx"
	xmlns:mvc="http://www.springframework.org/schema/mvc"

	xsi:schemaLocation="http://www.springframework.org/schema/beans 
                           http://www.springframework.org/schema/beans/spring-beans.xsd
                           http://www.springframework.org/schema/context 
                           http://www.springframework.org/schema/context/spring-context.xsd
                             http://www.springframework.org/schema/tx 
       http://www.springframework.org/schema/tx/spring-tx-3.0.xsd
       http://www.springframework.org/schema/aop 
       http://www.springframework.org/schema/aop/spring-aop-3.0.xsd
       http://www.springframework.org/schema/mvc http://www.springframework.org/schema/mvc/spring-mvc-3.0.xsd
       ">

	<mvc:annotation-driven />
	<context:annotation-config />

	<context:component-scan base-package="edu.uiowa.icts.medline.base" />



<bean id="createSchema"
		class="edu.uiowa.icts.spring.HsqlCreateSchema" init-method="create">
	<property name="schemas">
	<list>
		<value>SCHEMANAME</value>
	</list>
	</property>
	<property name="url"><value>jdbc:hsqldb:mem:testdb</value></property>
</bean>



	<bean depends-on="createSchema" id="sessionFactory"
		class="org.springframework.orm.hibernate3.annotation.AnnotationSessionFactoryBean">

		<!-- Hibernate SessionFactory -->
	<property name="packagesToScan">
	<list>
		<value>edu.uiowa.icts.medline.base</value>
	</list>
	</property>

		<property name="hibernateProperties">
			<props>
			
			
				<prop key="hibernate.dialect">org.hibernate.dialect.HSQLDialect</prop>
<!--				<prop key="hibernate.connection.datasource">java:comp/env/jdbc/Default</prop>-->
        		<prop key="hibernate.connection.driver_class">org.hsqldb.jdbcDriver</prop>
        		<prop key="hibernate.connection.url">jdbc:hsqldb:mem:testdb</prop>
        		<prop key="hibernate.connection.username">sa</prop>
        		<prop key="hibernate.connection.password"></prop>
        		<prop key="hibernate.hbm2ddl.auto">create</prop>
				<prop key="hibernate.show_sql">true</prop>
				<prop key="hibernate.configurationClass">org.hibernate.cfg.AnnotationConfiguration</prop>
			</props>
		</property>
	</bean> 
 <tx:annotation-driven/>

	
	<bean id="transactionManager"
		class="org.springframework.orm.hibernate3.HibernateTransactionManager">
		<property name="sessionFactory" ref="sessionFactory" />
	</bean>
	<tx:annotation-driven transaction-manager="transactionManager"  />
	<bean	class="org.springframework.web.servlet.mvc.annotation.DefaultAnnotationHandlerMapping" />
	<bean	class="org.springframework.web.servlet.mvc.annotation.AnnotationMethodHandlerAdapter" />

	<!--	<context:load-time-weaver />-->
	<!--    -->
	<!--
		<bean id="processor"
		class="edu.uiowa.icts.nebula.aspects.AspectProcessor" />
	-->
	<!--	-->

</beans>
